  [4;35;1mSQL (0.2ms)[0m   [0mSET NAMES 'utf8'[0m
  [4;36;1mSQL (0.2ms)[0m   [0;1mSET SQL_AUTO_IS_NULL=0[0m


Processing HomeController#index (for 127.0.0.1 at 2010-09-23 11:10:42) [GET]
  [4;35;1mUser Columns (113.5ms)[0m   [0mSHOW FIELDS FROM `users`[0m
  [4;36;1mUser Load (10.0ms)[0m   [0;1mSELECT * FROM `users` WHERE (`users`.`id` = 1) LIMIT 1[0m
  [4;35;1mProfessor Load (3.2ms)[0m   [0mSELECT * FROM `professors` ORDER BY matricula[0m
Rendering template within layouts/application
Rendering home/index
  [4;36;1mAnnouncement Load (56.7ms)[0m   [0;1mSELECT * FROM `announcements` WHERE (starts_at <= now() AND ends_at >= now()) [0m
Completed in 814ms (View: 54, DB: 184) | 200 OK [http://localhost/]
  [4;35;1mSQL (0.3ms)[0m   [0mSET NAMES 'utf8'[0m
  [4;36;1mSQL (0.1ms)[0m   [0;1mSET SQL_AUTO_IS_NULL=0[0m


Processing HomeController#index (for 127.0.0.1 at 2010-09-23 11:11:12) [GET]
  [4;35;1mUser Columns (1.3ms)[0m   [0mSHOW FIELDS FROM `users`[0m
  [4;36;1mUser Load (0.1ms)[0m   [0;1mSELECT * FROM `users` WHERE (`users`.`id` = 1) LIMIT 1[0m
  [4;35;1mProfessor Load (2.3ms)[0m   [0mSELECT * FROM `professors` ORDER BY matricula[0m
Rendering template within layouts/application
Rendering home/index
  [4;36;1mAnnouncement Load (0.4ms)[0m   [0;1mSELECT * FROM `announcements` WHERE (starts_at <= now() AND ends_at >= now()) [0m
Completed in 212ms (View: 43, DB: 4) | 200 OK [http://localhost/]
  [4;35;1mSQL (0.1ms)[0m   [0mSET NAMES 'utf8'[0m
  [4;36;1mSQL (0.1ms)[0m   [0;1mSET SQL_AUTO_IS_NULL=0[0m


Processing HomeController#index (for 127.0.0.1 at 2010-09-23 11:11:39) [GET]
  [4;35;1mUser Columns (1.4ms)[0m   [0mSHOW FIELDS FROM `users`[0m
  [4;36;1mUser Load (0.1ms)[0m   [0;1mSELECT * FROM `users` WHERE (`users`.`id` = 1) LIMIT 1[0m
  [4;35;1mProfessor Load (2.3ms)[0m   [0mSELECT * FROM `professors` ORDER BY matricula[0m
Rendering template within layouts/application
Rendering home/index
  [4;36;1mAnnouncement Load (0.8ms)[0m   [0;1mSELECT * FROM `announcements` WHERE (starts_at <= now() AND ends_at >= now()) [0m
Completed in 211ms (View: 46, DB: 5) | 200 OK [http://localhost/]
  [4;35;1mSQL (0.2ms)[0m   [0mSET NAMES 'utf8'[0m
  [4;36;1mSQL (0.1ms)[0m   [0;1mSET SQL_AUTO_IS_NULL=0[0m


Processing HomeController#index (for 127.0.0.1 at 2010-09-23 11:12:21) [GET]
  [4;35;1mUser Columns (1.4ms)[0m   [0mSHOW FIELDS FROM `users`[0m
  [4;36;1mUser Load (0.1ms)[0m   [0;1mSELECT * FROM `users` WHERE (`users`.`id` = 1) LIMIT 1[0m
  [4;35;1mProfessor Load (2.4ms)[0m   [0mSELECT * FROM `professors` ORDER BY matricula[0m
Rendering template within layouts/application
Rendering home/index
  [4;36;1mAnnouncement Load (0.4ms)[0m   [0;1mSELECT * FROM `announcements` WHERE (starts_at <= now() AND ends_at >= now()) [0m
Completed in 481ms (View: 48, DB: 5) | 200 OK [http://localhost/]
  [4;35;1mSQL (0.1ms)[0m   [0mSET NAMES 'utf8'[0m
  [4;36;1mSQL (0.2ms)[0m   [0;1mSET SQL_AUTO_IS_NULL=0[0m


Processing HomeController#index (for 127.0.0.1 at 2010-09-23 11:12:39) [GET]
  [4;35;1mUser Columns (1.3ms)[0m   [0mSHOW FIELDS FROM `users`[0m
  [4;36;1mUser Load (0.1ms)[0m   [0;1mSELECT * FROM `users` WHERE (`users`.`id` = 1) LIMIT 1[0m
  [4;35;1mProfessor Load (2.3ms)[0m   [0mSELECT * FROM `professors` ORDER BY matricula[0m
Rendering template within layouts/application
Rendering home/index
  [4;36;1mAnnouncement Load (0.4ms)[0m   [0;1mSELECT * FROM `announcements` WHERE (starts_at <= now() AND ends_at >= now()) [0m
Completed in 437ms (View: 43, DB: 4) | 200 OK [http://localhost/]
  [4;35;1mSQL (0.1ms)[0m   [0mSET NAMES 'utf8'[0m
  [4;36;1mSQL (0.3ms)[0m   [0;1mSET SQL_AUTO_IS_NULL=0[0m


Processing HomeController#index (for 127.0.0.1 at 2010-09-23 11:13:54) [GET]
  [4;35;1mUser Columns (1.6ms)[0m   [0mSHOW FIELDS FROM `users`[0m
  [4;36;1mUser Load (0.1ms)[0m   [0;1mSELECT * FROM `users` WHERE (`users`.`id` = 1) LIMIT 1[0m
  [4;35;1mProfessor Load (2.5ms)[0m   [0mSELECT * FROM `professors` ORDER BY matricula[0m
Rendering template within layouts/application
Rendering home/index
  [4;36;1mAnnouncement Load (33.9ms)[0m   [0;1mSELECT * FROM `announcements` WHERE (starts_at <= now() AND ends_at >= now()) [0m
Completed in 271ms (View: 49, DB: 38) | 200 OK [http://localhost/]
  [4;35;1mSQL (0.1ms)[0m   [0mSET NAMES 'utf8'[0m
  [4;36;1mSQL (0.1ms)[0m   [0;1mSET SQL_AUTO_IS_NULL=0[0m


Processing HomeController#index (for 127.0.0.1 at 2010-09-23 11:15:23) [GET]
  [4;35;1mUser Columns (1.3ms)[0m   [0mSHOW FIELDS FROM `users`[0m
  [4;36;1mUser Load (0.1ms)[0m   [0;1mSELECT * FROM `users` WHERE (`users`.`id` = 1) LIMIT 1[0m
  [4;35;1mProfessor Load (2.2ms)[0m   [0mSELECT * FROM `professors` ORDER BY matricula[0m
Rendering template within layouts/application
Rendering home/index
  [4;36;1mAnnouncement Load (0.4ms)[0m   [0;1mSELECT * FROM `announcements` WHERE (starts_at <= now() AND ends_at >= now()) [0m
Completed in 195ms (View: 31, DB: 4) | 200 OK [http://localhost/]
  [4;35;1mSQL (0.1ms)[0m   [0mSET NAMES 'utf8'[0m
  [4;36;1mSQL (0.2ms)[0m   [0;1mSET SQL_AUTO_IS_NULL=0[0m


Processing HomeController#index (for 127.0.0.1 at 2010-09-23 11:15:35) [GET]
  [4;35;1mUser Columns (1.4ms)[0m   [0mSHOW FIELDS FROM `users`[0m
  [4;36;1mUser Load (0.1ms)[0m   [0;1mSELECT * FROM `users` WHERE (`users`.`id` = 1) LIMIT 1[0m
  [4;35;1mProfessor Load (2.4ms)[0m   [0mSELECT * FROM `professors` ORDER BY matricula[0m
Rendering template within layouts/application
Rendering home/index
  [4;36;1mAnnouncement Load (0.4ms)[0m   [0;1mSELECT * FROM `announcements` WHERE (starts_at <= now() AND ends_at >= now()) [0m
Completed in 208ms (View: 34, DB: 5) | 200 OK [http://localhost/]
  [4;35;1mSQL (0.1ms)[0m   [0mSET NAMES 'utf8'[0m
  [4;36;1mSQL (0.1ms)[0m   [0;1mSET SQL_AUTO_IS_NULL=0[0m


Processing HomeController#index (for 127.0.0.1 at 2010-09-23 11:16:12) [GET]
  [4;35;1mUser Columns (1.4ms)[0m   [0mSHOW FIELDS FROM `users`[0m
  [4;36;1mUser Load (0.1ms)[0m   [0;1mSELECT * FROM `users` WHERE (`users`.`id` = 1) LIMIT 1[0m
  [4;35;1mProfessor Load (2.5ms)[0m   [0mSELECT * FROM `professors` ORDER BY matricula[0m
Rendering template within layouts/application
Rendering home/index
  [4;36;1mAnnouncement Load (0.4ms)[0m   [0;1mSELECT * FROM `announcements` WHERE (starts_at <= now() AND ends_at >= now()) [0m
Completed in 468ms (View: 37, DB: 5) | 200 OK [http://localhost/]
  [4;35;1mSQL (0.1ms)[0m   [0mSET NAMES 'utf8'[0m
  [4;36;1mSQL (0.1ms)[0m   [0;1mSET SQL_AUTO_IS_NULL=0[0m


Processing HomeController#index (for 127.0.0.1 at 2010-09-23 11:16:39) [GET]
  [4;35;1mUser Columns (1.3ms)[0m   [0mSHOW FIELDS FROM `users`[0m
  [4;36;1mUser Load (0.1ms)[0m   [0;1mSELECT * FROM `users` WHERE (`users`.`id` = 1) LIMIT 1[0m
  [4;35;1mProfessor Load (2.4ms)[0m   [0mSELECT * FROM `professors` ORDER BY matricula[0m
Rendering template within layouts/application
Rendering home/index
  [4;36;1mAnnouncement Load (0.4ms)[0m   [0;1mSELECT * FROM `announcements` WHERE (starts_at <= now() AND ends_at >= now()) [0m
Completed in 448ms (View: 32, DB: 4) | 200 OK [http://localhost/]
  [4;35;1mSQL (0.1ms)[0m   [0mSET NAMES 'utf8'[0m
  [4;36;1mSQL (0.1ms)[0m   [0;1mSET SQL_AUTO_IS_NULL=0[0m


Processing HomeController#index (for 127.0.0.1 at 2010-09-23 11:16:58) [GET]
  [4;35;1mUser Columns (1.4ms)[0m   [0mSHOW FIELDS FROM `users`[0m
  [4;36;1mUser Load (1.0ms)[0m   [0;1mSELECT * FROM `users` WHERE (`users`.`id` = 1) LIMIT 1[0m
  [4;35;1mProfessor Load (2.4ms)[0m   [0mSELECT * FROM `professors` ORDER BY matricula[0m
Rendering template within layouts/application
Rendering home/index
  [4;36;1mAnnouncement Load (0.4ms)[0m   [0;1mSELECT * FROM `announcements` WHERE (starts_at <= now() AND ends_at >= now()) [0m
Completed in 212ms (View: 32, DB: 5) | 200 OK [http://localhost/]
  [4;35;1mSQL (0.1ms)[0m   [0mSET NAMES 'utf8'[0m
  [4;36;1mSQL (0.1ms)[0m   [0;1mSET SQL_AUTO_IS_NULL=0[0m


Processing HomeController#index (for 127.0.0.1 at 2010-09-23 11:17:20) [GET]
  [4;35;1mUser Columns (1.3ms)[0m   [0mSHOW FIELDS FROM `users`[0m
  [4;36;1mUser Load (0.1ms)[0m   [0;1mSELECT * FROM `users` WHERE (`users`.`id` = 1) LIMIT 1[0m
  [4;35;1mProfessor Load (2.2ms)[0m   [0mSELECT * FROM `professors` ORDER BY matricula[0m
Rendering template within layouts/application
Rendering home/index
  [4;36;1mAnnouncement Load (0.4ms)[0m   [0;1mSELECT * FROM `announcements` WHERE (starts_at <= now() AND ends_at >= now()) [0m
Completed in 199ms (View: 31, DB: 4) | 200 OK [http://localhost/]
  [4;35;1mSQL (0.2ms)[0m   [0mSET NAMES 'utf8'[0m
  [4;36;1mSQL (0.3ms)[0m   [0;1mSET SQL_AUTO_IS_NULL=0[0m


Processing HomeController#index (for 127.0.0.1 at 2010-09-23 11:18:14) [GET]
  [4;35;1mUser Columns (1.4ms)[0m   [0mSHOW FIELDS FROM `users`[0m
  [4;36;1mUser Load (0.1ms)[0m   [0;1mSELECT * FROM `users` WHERE (`users`.`id` = 1) LIMIT 1[0m
  [4;35;1mProfessor Load (2.2ms)[0m   [0mSELECT * FROM `professors` ORDER BY matricula[0m
Rendering template within layouts/application
Rendering home/index
  [4;36;1mAnnouncement Load (0.4ms)[0m   [0;1mSELECT * FROM `announcements` WHERE (starts_at <= now() AND ends_at >= now()) [0m
Completed in 219ms (View: 33, DB: 5) | 200 OK [http://localhost/]
  [4;35;1mSQL (0.1ms)[0m   [0mSET NAMES 'utf8'[0m
  [4;36;1mSQL (0.1ms)[0m   [0;1mSET SQL_AUTO_IS_NULL=0[0m


Processing HomeController#index (for 127.0.0.1 at 2010-09-23 11:21:30) [GET]
  [4;35;1mUser Columns (1.3ms)[0m   [0mSHOW FIELDS FROM `users`[0m
  [4;36;1mUser Load (0.1ms)[0m   [0;1mSELECT * FROM `users` WHERE (`users`.`id` = 1) LIMIT 1[0m
  [4;35;1mProfessor Load (2.3ms)[0m   [0mSELECT * FROM `professors` ORDER BY matricula[0m
Rendering template within layouts/application
Rendering home/index
  [4;36;1mAnnouncement Load (0.4ms)[0m   [0;1mSELECT * FROM `announcements` WHERE (starts_at <= now() AND ends_at >= now()) [0m
Completed in 203ms (View: 33, DB: 4) | 200 OK [http://localhost/]
  [4;35;1mSQL (0.1ms)[0m   [0mSET NAMES 'utf8'[0m
  [4;36;1mSQL (0.1ms)[0m   [0;1mSET SQL_AUTO_IS_NULL=0[0m


Processing HomeController#index (for 127.0.0.1 at 2010-09-23 11:21:38) [GET]
  [4;35;1mUser Columns (1.2ms)[0m   [0mSHOW FIELDS FROM `users`[0m
  [4;36;1mUser Load (0.2ms)[0m   [0;1mSELECT * FROM `users` WHERE (`users`.`id` = 1) LIMIT 1[0m
  [4;35;1mProfessor Load (3.5ms)[0m   [0mSELECT * FROM `professors` ORDER BY matricula[0m
Rendering template within layouts/application
Rendering home/index
  [4;36;1mAnnouncement Load (0.4ms)[0m   [0;1mSELECT * FROM `announcements` WHERE (starts_at <= now() AND ends_at >= now()) [0m
Completed in 552ms (View: 32, DB: 5) | 200 OK [http://localhost/]
  [4;35;1mSQL (0.2ms)[0m   [0mSET NAMES 'utf8'[0m
  [4;36;1mSQL (0.1ms)[0m   [0;1mSET SQL_AUTO_IS_NULL=0[0m


Processing HomeController#index (for 127.0.0.1 at 2010-09-23 11:21:47) [GET]
  [4;35;1mUser Columns (1.7ms)[0m   [0mSHOW FIELDS FROM `users`[0m
  [4;36;1mUser Load (0.1ms)[0m   [0;1mSELECT * FROM `users` WHERE (`users`.`id` = 1) LIMIT 1[0m
  [4;35;1mProfessor Load (2.4ms)[0m   [0mSELECT * FROM `professors` ORDER BY matricula[0m
Rendering template within layouts/application
Rendering home/index
  [4;36;1mAnnouncement Load (0.4ms)[0m   [0;1mSELECT * FROM `announcements` WHERE (starts_at <= now() AND ends_at >= now()) [0m
Completed in 196ms (View: 31, DB: 5) | 200 OK [http://localhost/]
  [4;35;1mSQL (0.1ms)[0m   [0mSET NAMES 'utf8'[0m
  [4;36;1mSQL (0.1ms)[0m   [0;1mSET SQL_AUTO_IS_NULL=0[0m


Processing HomeController#index (for 127.0.0.1 at 2010-09-23 11:22:02) [GET]
  [4;35;1mUser Columns (1.3ms)[0m   [0mSHOW FIELDS FROM `users`[0m
  [4;36;1mUser Load (0.1ms)[0m   [0;1mSELECT * FROM `users` WHERE (`users`.`id` = 1) LIMIT 1[0m
  [4;35;1mProfessor Load (2.3ms)[0m   [0mSELECT * FROM `professors` ORDER BY matricula[0m
Rendering template within layouts/application
Rendering home/index
  [4;36;1mAnnouncement Load (0.4ms)[0m   [0;1mSELECT * FROM `announcements` WHERE (starts_at <= now() AND ends_at >= now()) [0m
Completed in 203ms (View: 31, DB: 4) | 200 OK [http://localhost/]
  [4;35;1mSQL (0.1ms)[0m   [0mSET NAMES 'utf8'[0m
  [4;36;1mSQL (0.1ms)[0m   [0;1mSET SQL_AUTO_IS_NULL=0[0m


Processing HomeController#index (for 127.0.0.1 at 2010-09-23 11:22:09) [GET]
  [4;35;1mUser Columns (1.4ms)[0m   [0mSHOW FIELDS FROM `users`[0m
  [4;36;1mUser Load (0.1ms)[0m   [0;1mSELECT * FROM `users` WHERE (`users`.`id` = 1) LIMIT 1[0m
  [4;35;1mProfessor Load (2.3ms)[0m   [0mSELECT * FROM `professors` ORDER BY matricula[0m
Rendering template within layouts/application
Rendering home/index
  [4;36;1mAnnouncement Load (0.4ms)[0m   [0;1mSELECT * FROM `announcements` WHERE (starts_at <= now() AND ends_at >= now()) [0m
Completed in 209ms (View: 33, DB: 4) | 200 OK [http://localhost/]
  [4;35;1mSQL (0.1ms)[0m   [0mSET NAMES 'utf8'[0m
  [4;36;1mSQL (0.1ms)[0m   [0;1mSET SQL_AUTO_IS_NULL=0[0m


Processing HomeController#index (for 127.0.0.1 at 2010-09-23 11:22:18) [GET]
  [4;35;1mUser Columns (1.3ms)[0m   [0mSHOW FIELDS FROM `users`[0m
  [4;36;1mUser Load (0.1ms)[0m   [0;1mSELECT * FROM `users` WHERE (`users`.`id` = 1) LIMIT 1[0m
  [4;35;1mProfessor Load (2.4ms)[0m   [0mSELECT * FROM `professors` ORDER BY matricula[0m
Rendering template within layouts/application
Rendering home/index
  [4;36;1mAnnouncement Load (0.4ms)[0m   [0;1mSELECT * FROM `announcements` WHERE (starts_at <= now() AND ends_at >= now()) [0m
Completed in 454ms (View: 34, DB: 4) | 200 OK [http://localhost/]
  [4;35;1mSQL (0.1ms)[0m   [0mSET NAMES 'utf8'[0m
  [4;36;1mSQL (0.1ms)[0m   [0;1mSET SQL_AUTO_IS_NULL=0[0m


Processing HomeController#index (for 127.0.0.1 at 2010-09-23 11:22:46) [GET]
  [4;35;1mUser Columns (1.3ms)[0m   [0mSHOW FIELDS FROM `users`[0m
  [4;36;1mUser Load (0.1ms)[0m   [0;1mSELECT * FROM `users` WHERE (`users`.`id` = 1) LIMIT 1[0m
  [4;35;1mProfessor Load (2.4ms)[0m   [0mSELECT * FROM `professors` ORDER BY matricula[0m
Rendering template within layouts/application
Rendering home/index
  [4;36;1mAnnouncement Load (0.4ms)[0m   [0;1mSELECT * FROM `announcements` WHERE (starts_at <= now() AND ends_at >= now()) [0m
Completed in 447ms (View: 33, DB: 4) | 200 OK [http://localhost/]
  [4;35;1mSQL (0.2ms)[0m   [0mSET NAMES 'utf8'[0m
  [4;36;1mSQL (0.2ms)[0m   [0;1mSET SQL_AUTO_IS_NULL=0[0m


Processing HomeController#index (for 127.0.0.1 at 2010-09-23 11:22:53) [GET]
  [4;35;1mUser Columns (1.4ms)[0m   [0mSHOW FIELDS FROM `users`[0m
  [4;36;1mUser Load (0.1ms)[0m   [0;1mSELECT * FROM `users` WHERE (`users`.`id` = 1) LIMIT 1[0m
  [4;35;1mProfessor Load (2.4ms)[0m   [0mSELECT * FROM `professors` ORDER BY matricula[0m
Rendering template within layouts/application
Rendering home/index
  [4;36;1mAnnouncement Load (0.4ms)[0m   [0;1mSELECT * FROM `announcements` WHERE (starts_at <= now() AND ends_at >= now()) [0m
Completed in 197ms (View: 31, DB: 5) | 200 OK [http://localhost/]
  [4;35;1mSQL (0.1ms)[0m   [0mSET NAMES 'utf8'[0m
  [4;36;1mSQL (0.1ms)[0m   [0;1mSET SQL_AUTO_IS_NULL=0[0m


Processing HomeController#index (for 127.0.0.1 at 2010-09-23 11:23:31) [GET]
  [4;35;1mUser Columns (1.7ms)[0m   [0mSHOW FIELDS FROM `users`[0m
  [4;36;1mUser Load (0.2ms)[0m   [0;1mSELECT * FROM `users` WHERE (`users`.`id` = 1) LIMIT 1[0m
  [4;35;1mProfessor Load (3.2ms)[0m   [0mSELECT * FROM `professors` ORDER BY matricula[0m
Rendering template within layouts/application
Rendering home/index
  [4;36;1mAnnouncement Load (0.5ms)[0m   [0;1mSELECT * FROM `announcements` WHERE (starts_at <= now() AND ends_at >= now()) [0m
Completed in 296ms (View: 46, DB: 6) | 200 OK [http://localhost/]
  [4;35;1mSQL (0.1ms)[0m   [0mSET NAMES 'utf8'[0m
  [4;36;1mSQL (0.3ms)[0m   [0;1mSET SQL_AUTO_IS_NULL=0[0m


Processing HomeController#index (for 127.0.0.1 at 2010-09-23 11:23:38) [GET]
  [4;35;1mUser Columns (1.3ms)[0m   [0mSHOW FIELDS FROM `users`[0m
  [4;36;1mUser Load (0.1ms)[0m   [0;1mSELECT * FROM `users` WHERE (`users`.`id` = 1) LIMIT 1[0m
  [4;35;1mProfessor Load (2.2ms)[0m   [0mSELECT * FROM `professors` ORDER BY matricula[0m
Rendering template within layouts/application
Rendering home/index
  [4;36;1mAnnouncement Load (0.4ms)[0m   [0;1mSELECT * FROM `announcements` WHERE (starts_at <= now() AND ends_at >= now()) [0m
Completed in 195ms (View: 31, DB: 4) | 200 OK [http://localhost/]
  [4;35;1mSQL (0.1ms)[0m   [0mSET NAMES 'utf8'[0m
  [4;36;1mSQL (0.3ms)[0m   [0;1mSET SQL_AUTO_IS_NULL=0[0m


Processing HomeController#index (for 127.0.0.1 at 2010-09-23 11:23:52) [GET]
  [4;35;1mUser Columns (1.3ms)[0m   [0mSHOW FIELDS FROM `users`[0m
  [4;36;1mUser Load (0.1ms)[0m   [0;1mSELECT * FROM `users` WHERE (`users`.`id` = 1) LIMIT 1[0m
  [4;35;1mProfessor Load (2.4ms)[0m   [0mSELECT * FROM `professors` ORDER BY matricula[0m
Rendering template within layouts/application
Rendering home/index
  [4;36;1mAnnouncement Load (0.4ms)[0m   [0;1mSELECT * FROM `announcements` WHERE (starts_at <= now() AND ends_at >= now()) [0m
Completed in 437ms (View: 33, DB: 5) | 200 OK [http://localhost/]
  [4;35;1mSQL (0.1ms)[0m   [0mSET NAMES 'utf8'[0m
  [4;36;1mSQL (0.3ms)[0m   [0;1mSET SQL_AUTO_IS_NULL=0[0m


Processing HomeController#index (for 127.0.0.1 at 2010-09-23 11:24:05) [GET]
  [4;35;1mUser Columns (1.3ms)[0m   [0mSHOW FIELDS FROM `users`[0m
  [4;36;1mUser Load (0.1ms)[0m   [0;1mSELECT * FROM `users` WHERE (`users`.`id` = 1) LIMIT 1[0m
  [4;35;1mProfessor Load (2.8ms)[0m   [0mSELECT * FROM `professors` ORDER BY matricula[0m
Rendering template within layouts/application
Rendering home/index
  [4;36;1mAnnouncement Load (0.4ms)[0m   [0;1mSELECT * FROM `announcements` WHERE (starts_at <= now() AND ends_at >= now()) [0m
Completed in 483ms (View: 34, DB: 5) | 200 OK [http://localhost/]
  [4;35;1mSQL (0.1ms)[0m   [0mSET NAMES 'utf8'[0m
  [4;36;1mSQL (0.1ms)[0m   [0;1mSET SQL_AUTO_IS_NULL=0[0m


Processing HomeController#index (for 127.0.0.1 at 2010-09-23 11:24:11) [GET]
  [4;35;1mUser Columns (1.3ms)[0m   [0mSHOW FIELDS FROM `users`[0m
  [4;36;1mUser Load (0.1ms)[0m   [0;1mSELECT * FROM `users` WHERE (`users`.`id` = 1) LIMIT 1[0m
  [4;35;1mProfessor Load (2.2ms)[0m   [0mSELECT * FROM `professors` ORDER BY matricula[0m
Rendering template within layouts/application
Rendering home/index
  [4;36;1mAnnouncement Load (0.4ms)[0m   [0;1mSELECT * FROM `announcements` WHERE (starts_at <= now() AND ends_at >= now()) [0m
Completed in 204ms (View: 32, DB: 4) | 200 OK [http://localhost/]
  [4;35;1mSQL (0.1ms)[0m   [0mSET NAMES 'utf8'[0m
  [4;36;1mSQL (0.1ms)[0m   [0;1mSET SQL_AUTO_IS_NULL=0[0m


Processing HomeController#index (for 127.0.0.1 at 2010-09-23 11:24:23) [GET]
  [4;35;1mUser Columns (1.5ms)[0m   [0mSHOW FIELDS FROM `users`[0m
  [4;36;1mUser Load (0.1ms)[0m   [0;1mSELECT * FROM `users` WHERE (`users`.`id` = 1) LIMIT 1[0m
  [4;35;1mProfessor Load (2.6ms)[0m   [0mSELECT * FROM `professors` ORDER BY matricula[0m
Rendering template within layouts/application
Rendering home/index
  [4;36;1mAnnouncement Load (0.4ms)[0m   [0;1mSELECT * FROM `announcements` WHERE (starts_at <= now() AND ends_at >= now()) [0m
Completed in 221ms (View: 32, DB: 5) | 200 OK [http://localhost/]
  [4;35;1mSQL (0.1ms)[0m   [0mSET NAMES 'utf8'[0m
  [4;36;1mSQL (0.1ms)[0m   [0;1mSET SQL_AUTO_IS_NULL=0[0m


Processing HomeController#index (for 127.0.0.1 at 2010-09-23 11:24:34) [GET]
  [4;35;1mUser Columns (1.5ms)[0m   [0mSHOW FIELDS FROM `users`[0m
  [4;36;1mUser Load (0.1ms)[0m   [0;1mSELECT * FROM `users` WHERE (`users`.`id` = 1) LIMIT 1[0m
  [4;35;1mProfessor Load (2.4ms)[0m   [0mSELECT * FROM `professors` ORDER BY matricula[0m
Rendering template within layouts/application
Rendering home/index
  [4;36;1mAnnouncement Load (1.9ms)[0m   [0;1mSELECT * FROM `announcements` WHERE (starts_at <= now() AND ends_at >= now()) [0m
Completed in 215ms (View: 34, DB: 6) | 200 OK [http://localhost/]
  [4;35;1mSQL (0.1ms)[0m   [0mSET NAMES 'utf8'[0m
  [4;36;1mSQL (0.1ms)[0m   [0;1mSET SQL_AUTO_IS_NULL=0[0m


Processing HomeController#index (for 127.0.0.1 at 2010-09-23 11:24:58) [GET]
  [4;35;1mUser Columns (1.3ms)[0m   [0mSHOW FIELDS FROM `users`[0m
  [4;36;1mUser Load (0.1ms)[0m   [0;1mSELECT * FROM `users` WHERE (`users`.`id` = 1) LIMIT 1[0m
  [4;35;1mProfessor Load (2.2ms)[0m   [0mSELECT * FROM `professors` ORDER BY matricula[0m
Rendering template within layouts/application
Rendering home/index
  [4;36;1mAnnouncement Load (0.4ms)[0m   [0;1mSELECT * FROM `announcements` WHERE (starts_at <= now() AND ends_at >= now()) [0m
Completed in 457ms (View: 36, DB: 4) | 200 OK [http://localhost/]
  [4;35;1mSQL (0.1ms)[0m   [0mSET NAMES 'utf8'[0m
  [4;36;1mSQL (0.1ms)[0m   [0;1mSET SQL_AUTO_IS_NULL=0[0m


Processing HomeController#index (for 127.0.0.1 at 2010-09-23 11:26:08) [GET]
  [4;35;1mUser Columns (1.6ms)[0m   [0mSHOW FIELDS FROM `users`[0m
  [4;36;1mUser Load (0.1ms)[0m   [0;1mSELECT * FROM `users` WHERE (`users`.`id` = 1) LIMIT 1[0m
  [4;35;1mProfessor Load (2.2ms)[0m   [0mSELECT * FROM `professors` ORDER BY matricula[0m
Rendering template within layouts/application
Rendering home/index
  [4;36;1mAnnouncement Load (0.4ms)[0m   [0;1mSELECT * FROM `announcements` WHERE (starts_at <= now() AND ends_at >= now()) [0m
Completed in 482ms (View: 34, DB: 5) | 200 OK [http://localhost/]
  [4;35;1mSQL (17.0ms)[0m   [0mSET NAMES 'utf8'[0m
  [4;36;1mSQL (0.2ms)[0m   [0;1mSET SQL_AUTO_IS_NULL=0[0m


Processing HomeController#index (for 127.0.0.1 at 2010-09-23 13:53:51) [GET]
  [4;35;1mUser Columns (65.1ms)[0m   [0mSHOW FIELDS FROM `users`[0m
  [4;36;1mUser Load (7.6ms)[0m   [0;1mSELECT * FROM `users` WHERE (`users`.`id` = 1) LIMIT 1[0m
  [4;35;1mProfessor Load (3.2ms)[0m   [0mSELECT * FROM `professors` ORDER BY matricula[0m
Rendering template within layouts/application
Rendering home/index
  [4;36;1mAnnouncement Load (29.5ms)[0m   [0;1mSELECT * FROM `announcements` WHERE (starts_at <= now() AND ends_at >= now()) [0m
Completed in 844ms (View: 52, DB: 123) | 200 OK [http://localhost/]
  [4;35;1mSQL (0.1ms)[0m   [0mSET NAMES 'utf8'[0m
  [4;36;1mSQL (0.2ms)[0m   [0;1mSET SQL_AUTO_IS_NULL=0[0m


Processing HomeController#index (for 127.0.0.1 at 2010-09-23 13:54:26) [GET]
  [4;35;1mUser Columns (1.4ms)[0m   [0mSHOW FIELDS FROM `users`[0m
  [4;36;1mUser Load (0.1ms)[0m   [0;1mSELECT * FROM `users` WHERE (`users`.`id` = 1) LIMIT 1[0m
  [4;35;1mProfessor Load (2.5ms)[0m   [0mSELECT * FROM `professors` ORDER BY matricula[0m
Rendering template within layouts/application
Rendering home/index
  [4;36;1mAnnouncement Load (0.5ms)[0m   [0;1mSELECT * FROM `announcements` WHERE (starts_at <= now() AND ends_at >= now()) [0m
Completed in 284ms (View: 81, DB: 5) | 200 OK [http://localhost/]
  [4;35;1mSQL (0.1ms)[0m   [0mSET NAMES 'utf8'[0m
  [4;36;1mSQL (0.1ms)[0m   [0;1mSET SQL_AUTO_IS_NULL=0[0m


Processing HomeController#index (for 127.0.0.1 at 2010-09-23 13:55:50) [GET]
  [4;35;1mUser Columns (1.8ms)[0m   [0mSHOW FIELDS FROM `users`[0m
  [4;36;1mUser Load (0.9ms)[0m   [0;1mSELECT * FROM `users` WHERE (`users`.`id` = 1) LIMIT 1[0m
  [4;35;1mProfessor Load (3.1ms)[0m   [0mSELECT * FROM `professors` ORDER BY matricula[0m
Rendering template within layouts/application
Rendering home/index
  [4;36;1mAnnouncement Load (0.4ms)[0m   [0;1mSELECT * FROM `announcements` WHERE (starts_at <= now() AND ends_at >= now()) [0m
Completed in 337ms (View: 50, DB: 6) | 200 OK [http://localhost/]
  [4;35;1mSQL (0.1ms)[0m   [0mSET NAMES 'utf8'[0m
  [4;36;1mSQL (0.1ms)[0m   [0;1mSET SQL_AUTO_IS_NULL=0[0m


Processing HomeController#index (for 127.0.0.1 at 2010-09-23 13:56:53) [GET]
  [4;35;1mUser Columns (1.4ms)[0m   [0mSHOW FIELDS FROM `users`[0m
  [4;36;1mUser Load (0.2ms)[0m   [0;1mSELECT * FROM `users` WHERE (`users`.`id` = 1) LIMIT 1[0m
  [4;35;1mProfessor Load (2.3ms)[0m   [0mSELECT * FROM `professors` ORDER BY matricula[0m
Rendering template within layouts/application
Rendering home/index
  [4;36;1mAnnouncement Load (0.4ms)[0m   [0;1mSELECT * FROM `announcements` WHERE (starts_at <= now() AND ends_at >= now()) [0m
Completed in 204ms (View: 46, DB: 4) | 200 OK [http://localhost/]
  [4;35;1mSQL (0.1ms)[0m   [0mSET NAMES 'utf8'[0m
  [4;36;1mSQL (0.1ms)[0m   [0;1mSET SQL_AUTO_IS_NULL=0[0m


Processing HomeController#index (for 127.0.0.1 at 2010-09-23 13:57:00) [GET]
  [4;35;1mUser Columns (1.7ms)[0m   [0mSHOW FIELDS FROM `users`[0m
  [4;36;1mUser Load (0.1ms)[0m   [0;1mSELECT * FROM `users` WHERE (`users`.`id` = 1) LIMIT 1[0m
  [4;35;1mProfessor Load (2.2ms)[0m   [0mSELECT * FROM `professors` ORDER BY matricula[0m
Rendering template within layouts/application
Rendering home/index
  [4;36;1mAnnouncement Load (1.2ms)[0m   [0;1mSELECT * FROM `announcements` WHERE (starts_at <= now() AND ends_at >= now()) [0m
Completed in 518ms (View: 35, DB: 5) | 200 OK [http://localhost/]
  [4;35;1mSQL (0.1ms)[0m   [0mSET NAMES 'utf8'[0m
  [4;36;1mSQL (0.1ms)[0m   [0;1mSET SQL_AUTO_IS_NULL=0[0m


Processing HomeController#index (for 127.0.0.1 at 2010-09-23 13:57:21) [GET]
  [4;35;1mUser Columns (1.4ms)[0m   [0mSHOW FIELDS FROM `users`[0m
  [4;36;1mUser Load (0.1ms)[0m   [0;1mSELECT * FROM `users` WHERE (`users`.`id` = 1) LIMIT 1[0m
  [4;35;1mProfessor Load (2.2ms)[0m   [0mSELECT * FROM `professors` ORDER BY matricula[0m
Rendering template within layouts/application
Rendering home/index
  [4;36;1mAnnouncement Load (0.4ms)[0m   [0;1mSELECT * FROM `announcements` WHERE (starts_at <= now() AND ends_at >= now()) [0m
Completed in 202ms (View: 34, DB: 4) | 200 OK [http://localhost/]
  [4;35;1mSQL (0.1ms)[0m   [0mSET NAMES 'utf8'[0m
  [4;36;1mSQL (0.2ms)[0m   [0;1mSET SQL_AUTO_IS_NULL=0[0m


Processing HomeController#index (for 127.0.0.1 at 2010-09-23 13:57:33) [GET]
  [4;35;1mUser Columns (1.4ms)[0m   [0mSHOW FIELDS FROM `users`[0m
  [4;36;1mUser Load (0.1ms)[0m   [0;1mSELECT * FROM `users` WHERE (`users`.`id` = 1) LIMIT 1[0m
  [4;35;1mProfessor Load (2.3ms)[0m   [0mSELECT * FROM `professors` ORDER BY matricula[0m
Rendering template within layouts/application
Rendering home/index
  [4;36;1mAnnouncement Load (0.4ms)[0m   [0;1mSELECT * FROM `announcements` WHERE (starts_at <= now() AND ends_at >= now()) [0m
Completed in 190ms (View: 30, DB: 4) | 200 OK [http://localhost/]
  [4;35;1mSQL (0.1ms)[0m   [0mSET NAMES 'utf8'[0m
  [4;36;1mSQL (0.2ms)[0m   [0;1mSET SQL_AUTO_IS_NULL=0[0m


Processing HomeController#index (for 127.0.0.1 at 2010-09-23 13:58:23) [GET]
  [4;35;1mUser Columns (1.3ms)[0m   [0mSHOW FIELDS FROM `users`[0m
  [4;36;1mUser Load (0.1ms)[0m   [0;1mSELECT * FROM `users` WHERE (`users`.`id` = 1) LIMIT 1[0m
  [4;35;1mProfessor Load (2.2ms)[0m   [0mSELECT * FROM `professors` ORDER BY matricula[0m
Rendering template within layouts/application
Rendering home/index
  [4;36;1mAnnouncement Load (0.4ms)[0m   [0;1mSELECT * FROM `announcements` WHERE (starts_at <= now() AND ends_at >= now()) [0m
Completed in 205ms (View: 33, DB: 4) | 200 OK [http://localhost/]
  [4;35;1mSQL (0.1ms)[0m   [0mSET NAMES 'utf8'[0m
  [4;36;1mSQL (0.1ms)[0m   [0;1mSET SQL_AUTO_IS_NULL=0[0m


Processing HomeController#index (for 127.0.0.1 at 2010-09-23 13:58:58) [GET]
  [4;35;1mUser Columns (1.3ms)[0m   [0mSHOW FIELDS FROM `users`[0m
  [4;36;1mUser Load (0.1ms)[0m   [0;1mSELECT * FROM `users` WHERE (`users`.`id` = 1) LIMIT 1[0m
  [4;35;1mProfessor Load (2.7ms)[0m   [0mSELECT * FROM `professors` ORDER BY matricula[0m
Rendering template within layouts/application
Rendering home/index
  [4;36;1mAnnouncement Load (0.4ms)[0m   [0;1mSELECT * FROM `announcements` WHERE (starts_at <= now() AND ends_at >= now()) [0m
  [4;35;1mroles_users Columns (0.9ms)[0m   [0mSHOW FIELDS FROM `roles_users`[0m
  [4;36;1mRole Load (0.1ms)[0m   [0;1mSELECT * FROM `roles` INNER JOIN `roles_users` ON `roles`.id = `roles_users`.role_id WHERE (`roles_users`.user_id = 1 ) [0m
  [4;35;1mRole Columns (0.8ms)[0m   [0mSHOW FIELDS FROM `roles`[0m
Completed in 297ms (View: 127, DB: 7) | 200 OK [http://localhost/]
DEPRECATION WARNING: require "activesupport" is deprecated and will be removed in Rails 3. Use require "active_support" instead.. (called from /home/alexandre/pontuacao_v2/pontuacao/vendor/rails/activesupport/lib/activesupport.rb:2)
  [4;36;1mSQL (0.1ms)[0m   [0;1mSET NAMES 'utf8'[0m
  [4;35;1mSQL (0.2ms)[0m   [0mSET SQL_AUTO_IS_NULL=0[0m


Processing HomeController#index (for 127.0.0.1 at 2010-09-24 09:40:05) [GET]
  [4;36;1mUser Columns (1.5ms)[0m   [0;1mSHOW FIELDS FROM `users`[0m
  [4;35;1mUser Load (0.4ms)[0m   [0mSELECT * FROM `users` WHERE (`users`.`id` = 1) LIMIT 1[0m
  [4;36;1mProfessor Load (40.7ms)[0m   [0;1mSELECT * FROM `professors` ORDER BY matricula[0m
Rendering template within layouts/application
Rendering home/index
  [4;35;1mAnnouncement Load (0.5ms)[0m   [0mSELECT * FROM `announcements` WHERE (starts_at <= now() AND ends_at >= now()) [0m
  [4;36;1mroles_users Columns (1.0ms)[0m   [0;1mSHOW FIELDS FROM `roles_users`[0m
  [4;35;1mRole Load (0.6ms)[0m   [0mSELECT * FROM `roles` INNER JOIN `roles_users` ON `roles`.id = `roles_users`.role_id WHERE (`roles_users`.user_id = 1 ) [0m
  [4;36;1mRole Columns (0.9ms)[0m   [0;1mSHOW FIELDS FROM `roles`[0m
Completed in 557ms (View: 255, DB: 46) | 200 OK [http://localhost/]
  [4;35;1mSQL (0.1ms)[0m   [0mSET NAMES 'utf8'[0m
  [4;36;1mSQL (0.2ms)[0m   [0;1mSET SQL_AUTO_IS_NULL=0[0m


Processing TrabalhadosController#new (for 127.0.0.1 at 2010-09-24 09:40:32) [GET]
  [4;35;1mUser Columns (1.3ms)[0m   [0mSHOW FIELDS FROM `users`[0m
  [4;36;1mUser Load (0.1ms)[0m   [0;1mSELECT * FROM `users` WHERE (`users`.`id` = 1) LIMIT 1[0m
  [4;35;1mProfessor Load (2.2ms)[0m   [0mSELECT * FROM `professors` ORDER BY matricula[0m
  [4;36;1mCACHE (0.0ms)[0m   [0;1mSELECT * FROM `professors` ORDER BY matricula[0m
  [4;35;1mTrabalhado Columns (1.6ms)[0m   [0mSHOW FIELDS FROM `trabalhados`[0m
Rendering trabalhados/new
  [4;36;1mProfessor Columns (2.6ms)[0m   [0;1mSHOW FIELDS FROM `professors`[0m
Completed in 548ms (View: 231, DB: 8) | 200 OK [http://localhost/trabalhados/new]
  [4;35;1mSQL (0.1ms)[0m   [0mSET NAMES 'utf8'[0m
  [4;36;1mSQL (0.1ms)[0m   [0;1mSET SQL_AUTO_IS_NULL=0[0m


Processing TrabalhadosController#new (for 127.0.0.1 at 2010-09-24 09:42:31) [GET]
  [4;35;1mUser Columns (1.1ms)[0m   [0mSHOW FIELDS FROM `users`[0m
  [4;36;1mUser Load (0.2ms)[0m   [0;1mSELECT * FROM `users` WHERE (`users`.`id` = 1) LIMIT 1[0m
  [4;35;1mProfessor Load (3.9ms)[0m   [0mSELECT * FROM `professors` ORDER BY matricula[0m
  [4;36;1mCACHE (0.0ms)[0m   [0;1mSELECT * FROM `professors` ORDER BY matricula[0m
  [4;35;1mTrabalhado Columns (1.7ms)[0m   [0mSHOW FIELDS FROM `trabalhados`[0m
Rendering trabalhados/new
  [4;36;1mProfessor Columns (1.9ms)[0m   [0;1mSHOW FIELDS FROM `professors`[0m
Completed in 518ms (View: 130, DB: 9) | 200 OK [http://localhost/trabalhados/new]
  [4;35;1mSQL (0.1ms)[0m   [0mSET NAMES 'utf8'[0m
  [4;36;1mSQL (0.1ms)[0m   [0;1mSET SQL_AUTO_IS_NULL=0[0m


Processing TrabalhadosController#new (for 127.0.0.1 at 2010-09-24 09:42:34) [GET]
  [4;35;1mUser Columns (1.7ms)[0m   [0mSHOW FIELDS FROM `users`[0m
  [4;36;1mUser Load (0.2ms)[0m   [0;1mSELECT * FROM `users` WHERE (`users`.`id` = 1) LIMIT 1[0m
  [4;35;1mProfessor Load (3.4ms)[0m   [0mSELECT * FROM `professors` ORDER BY matricula[0m
  [4;36;1mCACHE (0.0ms)[0m   [0;1mSELECT * FROM `professors` ORDER BY matricula[0m
  [4;35;1mTrabalhado Columns (1.5ms)[0m   [0mSHOW FIELDS FROM `trabalhados`[0m
Rendering trabalhados/new
  [4;36;1mProfessor Columns (1.9ms)[0m   [0;1mSHOW FIELDS FROM `professors`[0m
Completed in 498ms (View: 130, DB: 9) | 200 OK [http://localhost/trabalhados/new]
  [4;35;1mSQL (0.1ms)[0m   [0mSET NAMES 'utf8'[0m
  [4;36;1mSQL (0.1ms)[0m   [0;1mSET SQL_AUTO_IS_NULL=0[0m


Processing HomeController#index (for 127.0.0.1 at 2010-09-24 09:42:41) [GET]
  [4;35;1mUser Columns (1.3ms)[0m   [0mSHOW FIELDS FROM `users`[0m
  [4;36;1mUser Load (0.1ms)[0m   [0;1mSELECT * FROM `users` WHERE (`users`.`id` = 1) LIMIT 1[0m
  [4;35;1mProfessor Load (2.2ms)[0m   [0mSELECT * FROM `professors` ORDER BY matricula[0m
Rendering template within layouts/application
Rendering home/index
  [4;36;1mAnnouncement Load (0.4ms)[0m   [0;1mSELECT * FROM `announcements` WHERE (starts_at <= now() AND ends_at >= now()) [0m
  [4;35;1mroles_users Columns (0.9ms)[0m   [0mSHOW FIELDS FROM `roles_users`[0m
  [4;36;1mRole Load (0.1ms)[0m   [0;1mSELECT * FROM `roles` INNER JOIN `roles_users` ON `roles`.id = `roles_users`.role_id WHERE (`roles_users`.user_id = 1 ) [0m
  [4;35;1mRole Columns (0.6ms)[0m   [0mSHOW FIELDS FROM `roles`[0m
Completed in 333ms (View: 72, DB: 6) | 200 OK [http://localhost/]
  [4;36;1mSQL (0.1ms)[0m   [0;1mSET NAMES 'utf8'[0m
  [4;35;1mSQL (0.1ms)[0m   [0mSET SQL_AUTO_IS_NULL=0[0m


Processing TrabalhadosController#new (for 127.0.0.1 at 2010-09-24 09:47:56) [GET]
  [4;36;1mUser Columns (1.9ms)[0m   [0;1mSHOW FIELDS FROM `users`[0m
  [4;35;1mUser Load (0.2ms)[0m   [0mSELECT * FROM `users` WHERE (`users`.`id` = 1) LIMIT 1[0m
  [4;36;1mProfessor Load (3.7ms)[0m   [0;1mSELECT * FROM `professors` ORDER BY matricula[0m
  [4;35;1mCACHE (0.0ms)[0m   [0mSELECT * FROM `professors` ORDER BY matricula[0m
  [4;36;1mTrabalhado Columns (1.7ms)[0m   [0;1mSHOW FIELDS FROM `trabalhados`[0m
Rendering trabalhados/new
  [4;35;1mProfessor Columns (1.9ms)[0m   [0mSHOW FIELDS FROM `professors`[0m
Completed in 516ms (View: 129, DB: 10) | 200 OK [http://localhost/trabalhados/new]
  [4;36;1mSQL (0.1ms)[0m   [0;1mSET NAMES 'utf8'[0m
  [4;35;1mSQL (0.1ms)[0m   [0mSET SQL_AUTO_IS_NULL=0[0m


Processing TrabalhadosController#new (for 127.0.0.1 at 2010-09-24 09:50:29) [GET]
  [4;36;1mUser Columns (1.7ms)[0m   [0;1mSHOW FIELDS FROM `users`[0m
  [4;35;1mUser Load (0.1ms)[0m   [0mSELECT * FROM `users` WHERE (`users`.`id` = 1) LIMIT 1[0m
  [4;36;1mProfessor Load (2.3ms)[0m   [0;1mSELECT * FROM `professors` ORDER BY matricula[0m
  [4;35;1mCACHE (0.0ms)[0m   [0mSELECT * FROM `professors` ORDER BY matricula[0m
  [4;36;1mTrabalhado Columns (1.6ms)[0m   [0;1mSHOW FIELDS FROM `trabalhados`[0m
Rendering template within layouts/application
Rendering trabalhados/new
  [4;35;1mProfessor Columns (2.6ms)[0m   [0mSHOW FIELDS FROM `professors`[0m
  [4;36;1mAnnouncement Load (0.4ms)[0m   [0;1mSELECT * FROM `announcements` WHERE (starts_at <= now() AND ends_at >= now()) [0m
  [4;35;1mroles_users Columns (0.7ms)[0m   [0mSHOW FIELDS FROM `roles_users`[0m
  [4;36;1mRole Load (0.1ms)[0m   [0;1mSELECT * FROM `roles` INNER JOIN `roles_users` ON `roles`.id = `roles_users`.role_id WHERE (`roles_users`.user_id = 1 ) [0m
  [4;35;1mRole Columns (0.6ms)[0m   [0mSHOW FIELDS FROM `roles`[0m
Completed in 565ms (View: 207, DB: 10) | 200 OK [http://localhost/trabalhados/new]
  [4;36;1mSQL (0.2ms)[0m   [0;1mSET NAMES 'utf8'[0m
  [4;35;1mSQL (0.1ms)[0m   [0mSET SQL_AUTO_IS_NULL=0[0m


Processing TrabalhadosController#new (for 127.0.0.1 at 2010-09-24 09:51:12) [GET]
  [4;36;1mUser Columns (1.3ms)[0m   [0;1mSHOW FIELDS FROM `users`[0m
  [4;35;1mUser Load (0.1ms)[0m   [0mSELECT * FROM `users` WHERE (`users`.`id` = 1) LIMIT 1[0m
  [4;36;1mProfessor Load (2.2ms)[0m   [0;1mSELECT * FROM `professors` ORDER BY matricula[0m
  [4;35;1mCACHE (0.0ms)[0m   [0mSELECT * FROM `professors` ORDER BY matricula[0m
  [4;36;1mTrabalhado Columns (1.5ms)[0m   [0;1mSHOW FIELDS FROM `trabalhados`[0m
Rendering template within layouts/application
Rendering trabalhados/new
  [4;35;1mProfessor Columns (1.8ms)[0m   [0mSHOW FIELDS FROM `professors`[0m
  [4;36;1mAnnouncement Load (0.4ms)[0m   [0;1mSELECT * FROM `announcements` WHERE (starts_at <= now() AND ends_at >= now()) [0m
  [4;35;1mroles_users Columns (0.7ms)[0m   [0mSHOW FIELDS FROM `roles_users`[0m
  [4;36;1mRole Load (0.1ms)[0m   [0;1mSELECT * FROM `roles` INNER JOIN `roles_users` ON `roles`.id = `roles_users`.role_id WHERE (`roles_users`.user_id = 1 ) [0m
  [4;35;1mRole Columns (0.6ms)[0m   [0mSHOW FIELDS FROM `roles`[0m
Completed in 408ms (View: 183, DB: 9) | 200 OK [http://localhost/trabalhados/new]
  [4;36;1mSQL (0.1ms)[0m   [0;1mSET NAMES 'utf8'[0m
  [4;35;1mSQL (0.1ms)[0m   [0mSET SQL_AUTO_IS_NULL=0[0m


Processing TrabalhadosController#new (for 127.0.0.1 at 2010-09-24 09:52:05) [GET]
  [4;36;1mUser Columns (1.7ms)[0m   [0;1mSHOW FIELDS FROM `users`[0m
  [4;35;1mUser Load (0.1ms)[0m   [0mSELECT * FROM `users` WHERE (`users`.`id` = 1) LIMIT 1[0m
  [4;36;1mProfessor Load (2.3ms)[0m   [0;1mSELECT * FROM `professors` ORDER BY matricula[0m
  [4;35;1mCACHE (0.0ms)[0m   [0mSELECT * FROM `professors` ORDER BY matricula[0m
  [4;36;1mTrabalhado Columns (1.6ms)[0m   [0;1mSHOW FIELDS FROM `trabalhados`[0m
Rendering template within layouts/application
Rendering trabalhados/new
  [4;35;1mProfessor Columns (1.9ms)[0m   [0mSHOW FIELDS FROM `professors`[0m
  [4;36;1mAnnouncement Load (0.5ms)[0m   [0;1mSELECT * FROM `announcements` WHERE (starts_at <= now() AND ends_at >= now()) [0m
  [4;35;1mroles_users Columns (1.0ms)[0m   [0mSHOW FIELDS FROM `roles_users`[0m
  [4;36;1mRole Load (0.1ms)[0m   [0;1mSELECT * FROM `roles` INNER JOIN `roles_users` ON `roles`.id = `roles_users`.role_id WHERE (`roles_users`.user_id = 1 ) [0m
  [4;35;1mRole Columns (0.9ms)[0m   [0mSHOW FIELDS FROM `roles`[0m
Completed in 636ms (View: 327, DB: 10) | 200 OK [http://localhost/trabalhados/new]
  [4;36;1mSQL (0.1ms)[0m   [0;1mSET NAMES 'utf8'[0m
  [4;35;1mSQL (0.1ms)[0m   [0mSET SQL_AUTO_IS_NULL=0[0m


Processing TrabalhadosController#new (for 127.0.0.1 at 2010-09-24 09:52:32) [GET]
  [4;36;1mUser Columns (1.9ms)[0m   [0;1mSHOW FIELDS FROM `users`[0m
  [4;35;1mUser Load (0.2ms)[0m   [0mSELECT * FROM `users` WHERE (`users`.`id` = 1) LIMIT 1[0m
  [4;36;1mProfessor Load (3.4ms)[0m   [0;1mSELECT * FROM `professors` ORDER BY matricula[0m
  [4;35;1mCACHE (0.0ms)[0m   [0mSELECT * FROM `professors` ORDER BY matricula[0m
  [4;36;1mTrabalhado Columns (1.6ms)[0m   [0;1mSHOW FIELDS FROM `trabalhados`[0m
Rendering template within layouts/application
Rendering trabalhados/new
  [4;35;1mProfessor Columns (1.9ms)[0m   [0mSHOW FIELDS FROM `professors`[0m
  [4;36;1mAnnouncement Load (0.5ms)[0m   [0;1mSELECT * FROM `announcements` WHERE (starts_at <= now() AND ends_at >= now()) [0m
  [4;35;1mroles_users Columns (0.8ms)[0m   [0mSHOW FIELDS FROM `roles_users`[0m
  [4;36;1mRole Load (0.1ms)[0m   [0;1mSELECT * FROM `roles` INNER JOIN `roles_users` ON `roles`.id = `roles_users`.role_id WHERE (`roles_users`.user_id = 1 ) [0m
  [4;35;1mRole Columns (0.6ms)[0m   [0mSHOW FIELDS FROM `roles`[0m
Completed in 495ms (View: 227, DB: 11) | 200 OK [http://localhost/trabalhados/new]
  [4;36;1mSQL (0.1ms)[0m   [0;1mSET NAMES 'utf8'[0m
  [4;35;1mSQL (0.1ms)[0m   [0mSET SQL_AUTO_IS_NULL=0[0m


Processing TrabalhadosController#new (for 127.0.0.1 at 2010-09-24 09:52:48) [GET]
  [4;36;1mUser Columns (1.3ms)[0m   [0;1mSHOW FIELDS FROM `users`[0m
  [4;35;1mUser Load (0.1ms)[0m   [0mSELECT * FROM `users` WHERE (`users`.`id` = 1) LIMIT 1[0m
  [4;36;1mProfessor Load (2.4ms)[0m   [0;1mSELECT * FROM `professors` ORDER BY matricula[0m
  [4;35;1mCACHE (0.0ms)[0m   [0mSELECT * FROM `professors` ORDER BY matricula[0m
  [4;36;1mTrabalhado Columns (1.6ms)[0m   [0;1mSHOW FIELDS FROM `trabalhados`[0m
Rendering template within layouts/application
Rendering trabalhados/new
  [4;35;1mProfessor Columns (2.5ms)[0m   [0mSHOW FIELDS FROM `professors`[0m
  [4;36;1mAnnouncement Load (0.5ms)[0m   [0;1mSELECT * FROM `announcements` WHERE (starts_at <= now() AND ends_at >= now()) [0m
  [4;35;1mroles_users Columns (1.0ms)[0m   [0mSHOW FIELDS FROM `roles_users`[0m
  [4;36;1mRole Load (0.5ms)[0m   [0;1mSELECT * FROM `roles` INNER JOIN `roles_users` ON `roles`.id = `roles_users`.role_id WHERE (`roles_users`.user_id = 1 ) [0m
  [4;35;1mRole Columns (0.6ms)[0m   [0mSHOW FIELDS FROM `roles`[0m
Completed in 617ms (View: 401, DB: 11) | 200 OK [http://localhost/trabalhados/new]
  [4;36;1mSQL (0.1ms)[0m   [0;1mSET NAMES 'utf8'[0m
  [4;35;1mSQL (0.9ms)[0m   [0mSET SQL_AUTO_IS_NULL=0[0m


Processing TrabalhadosController#new (for 127.0.0.1 at 2010-09-24 09:53:06) [GET]
  [4;36;1mUser Columns (1.5ms)[0m   [0;1mSHOW FIELDS FROM `users`[0m
  [4;35;1mUser Load (0.1ms)[0m   [0mSELECT * FROM `users` WHERE (`users`.`id` = 1) LIMIT 1[0m
  [4;36;1mProfessor Load (2.3ms)[0m   [0;1mSELECT * FROM `professors` ORDER BY matricula[0m
  [4;35;1mCACHE (0.0ms)[0m   [0mSELECT * FROM `professors` ORDER BY matricula[0m
  [4;36;1mTrabalhado Columns (1.6ms)[0m   [0;1mSHOW FIELDS FROM `trabalhados`[0m
Rendering template within layouts/application
Rendering trabalhados/new
  [4;35;1mProfessor Columns (2.0ms)[0m   [0mSHOW FIELDS FROM `professors`[0m
  [4;36;1mAnnouncement Load (0.4ms)[0m   [0;1mSELECT * FROM `announcements` WHERE (starts_at <= now() AND ends_at >= now()) [0m
  [4;35;1mroles_users Columns (0.7ms)[0m   [0mSHOW FIELDS FROM `roles_users`[0m
  [4;36;1mRole Load (0.1ms)[0m   [0;1mSELECT * FROM `roles` INNER JOIN `roles_users` ON `roles`.id = `roles_users`.role_id WHERE (`roles_users`.user_id = 1 ) [0m
  [4;35;1mRole Columns (0.6ms)[0m   [0mSHOW FIELDS FROM `roles`[0m
Completed in 549ms (View: 215, DB: 10) | 200 OK [http://localhost/trabalhados/new]
  [4;36;1mSQL (0.1ms)[0m   [0;1mSET NAMES 'utf8'[0m
  [4;35;1mSQL (0.1ms)[0m   [0mSET SQL_AUTO_IS_NULL=0[0m


Processing TrabalhadosController#new (for 127.0.0.1 at 2010-09-24 09:53:30) [GET]
  [4;36;1mUser Columns (1.7ms)[0m   [0;1mSHOW FIELDS FROM `users`[0m
  [4;35;1mUser Load (0.2ms)[0m   [0mSELECT * FROM `users` WHERE (`users`.`id` = 1) LIMIT 1[0m
  [4;36;1mProfessor Load (3.0ms)[0m   [0;1mSELECT * FROM `professors` ORDER BY matricula[0m
  [4;35;1mCACHE (0.0ms)[0m   [0mSELECT * FROM `professors` ORDER BY matricula[0m
  [4;36;1mTrabalhado Columns (2.6ms)[0m   [0;1mSHOW FIELDS FROM `trabalhados`[0m
Rendering template within layouts/application
Rendering trabalhados/new
  [4;35;1mProfessor Columns (2.0ms)[0m   [0mSHOW FIELDS FROM `professors`[0m
  [4;36;1mAnnouncement Load (0.4ms)[0m   [0;1mSELECT * FROM `announcements` WHERE (starts_at <= now() AND ends_at >= now()) [0m
  [4;35;1mroles_users Columns (0.8ms)[0m   [0mSHOW FIELDS FROM `roles_users`[0m
  [4;36;1mRole Load (0.1ms)[0m   [0;1mSELECT * FROM `roles` INNER JOIN `roles_users` ON `roles`.id = `roles_users`.role_id WHERE (`roles_users`.user_id = 1 ) [0m
  [4;35;1mRole Columns (0.7ms)[0m   [0mSHOW FIELDS FROM `roles`[0m
Completed in 621ms (View: 340, DB: 12) | 200 OK [http://localhost/trabalhados/new]
  [4;36;1mSQL (0.1ms)[0m   [0;1mSET NAMES 'utf8'[0m
  [4;35;1mSQL (2.1ms)[0m   [0mSET SQL_AUTO_IS_NULL=0[0m


Processing TrabalhadosController#new (for 127.0.0.1 at 2010-09-24 09:54:47) [GET]
  [4;36;1mUser Columns (1.6ms)[0m   [0;1mSHOW FIELDS FROM `users`[0m
  [4;35;1mUser Load (0.1ms)[0m   [0mSELECT * FROM `users` WHERE (`users`.`id` = 1) LIMIT 1[0m
  [4;36;1mProfessor Load (7.6ms)[0m   [0;1mSELECT * FROM `professors` ORDER BY matricula[0m
  [4;35;1mCACHE (0.0ms)[0m   [0mSELECT * FROM `professors` ORDER BY matricula[0m
  [4;36;1mTrabalhado Columns (1.6ms)[0m   [0;1mSHOW FIELDS FROM `trabalhados`[0m
Rendering template within layouts/application
Rendering trabalhados/new
  [4;35;1mProfessor Columns (1.9ms)[0m   [0mSHOW FIELDS FROM `professors`[0m
  [4;36;1mAnnouncement Load (0.4ms)[0m   [0;1mSELECT * FROM `announcements` WHERE (starts_at <= now() AND ends_at >= now()) [0m
  [4;35;1mroles_users Columns (0.8ms)[0m   [0mSHOW FIELDS FROM `roles_users`[0m
  [4;36;1mRole Load (0.1ms)[0m   [0;1mSELECT * FROM `roles` INNER JOIN `roles_users` ON `roles`.id = `roles_users`.role_id WHERE (`roles_users`.user_id = 1 ) [0m
  [4;35;1mRole Columns (0.6ms)[0m   [0mSHOW FIELDS FROM `roles`[0m
Completed in 610ms (View: 234, DB: 17) | 200 OK [http://localhost/trabalhados/new]
DEPRECATION WARNING: require "activesupport" is deprecated and will be removed in Rails 3. Use require "active_support" instead.. (called from /home/alexandre/pontuacao_v2/pontuacao/vendor/rails/activesupport/lib/activesupport.rb:2)
  [4;36;1mSQL (0.1ms)[0m   [0;1mSET NAMES 'utf8'[0m
  [4;35;1mSQL (0.1ms)[0m   [0mSET SQL_AUTO_IS_NULL=0[0m


Processing HomeController#index (for 127.0.0.1 at 2010-09-24 09:55:18) [GET]
  [4;36;1mUser Columns (1.4ms)[0m   [0;1mSHOW FIELDS FROM `users`[0m
  [4;35;1mUser Load (0.1ms)[0m   [0mSELECT * FROM `users` WHERE (`users`.`id` = 1) LIMIT 1[0m
  [4;36;1mProfessor Load (2.3ms)[0m   [0;1mSELECT * FROM `professors` ORDER BY matricula[0m
Rendering template within layouts/application
Rendering home/index
  [4;35;1mAnnouncement Load (0.4ms)[0m   [0mSELECT * FROM `announcements` WHERE (starts_at <= now() AND ends_at >= now()) [0m
  [4;36;1mroles_users Columns (0.9ms)[0m   [0;1mSHOW FIELDS FROM `roles_users`[0m
  [4;35;1mRole Load (0.1ms)[0m   [0mSELECT * FROM `roles` INNER JOIN `roles_users` ON `roles`.id = `roles_users`.role_id WHERE (`roles_users`.user_id = 1 ) [0m
  [4;36;1mRole Columns (0.6ms)[0m   [0;1mSHOW FIELDS FROM `roles`[0m
Completed in 320ms (View: 153, DB: 6) | 200 OK [http://localhost/]
  [4;35;1mSQL (0.1ms)[0m   [0mSET NAMES 'utf8'[0m
  [4;36;1mSQL (0.1ms)[0m   [0;1mSET SQL_AUTO_IS_NULL=0[0m


Processing TrabalhadosController#new (for 127.0.0.1 at 2010-09-24 09:55:26) [GET]
  [4;35;1mUser Columns (1.9ms)[0m   [0mSHOW FIELDS FROM `users`[0m
  [4;36;1mUser Load (0.2ms)[0m   [0;1mSELECT * FROM `users` WHERE (`users`.`id` = 1) LIMIT 1[0m
  [4;35;1mProfessor Load (2.2ms)[0m   [0mSELECT * FROM `professors` ORDER BY matricula[0m
  [4;36;1mCACHE (0.0ms)[0m   [0;1mSELECT * FROM `professors` ORDER BY matricula[0m
  [4;35;1mTrabalhado Columns (1.6ms)[0m   [0mSHOW FIELDS FROM `trabalhados`[0m
Rendering template within layouts/application
Rendering trabalhados/new
  [4;36;1mProfessor Columns (2.1ms)[0m   [0;1mSHOW FIELDS FROM `professors`[0m
  [4;35;1mAnnouncement Load (0.5ms)[0m   [0mSELECT * FROM `announcements` WHERE (starts_at <= now() AND ends_at >= now()) [0m
  [4;36;1mroles_users Columns (0.8ms)[0m   [0;1mSHOW FIELDS FROM `roles_users`[0m
  [4;35;1mRole Load (0.1ms)[0m   [0mSELECT * FROM `roles` INNER JOIN `roles_users` ON `roles`.id = `roles_users`.role_id WHERE (`roles_users`.user_id = 1 ) [0m
  [4;36;1mRole Columns (0.6ms)[0m   [0;1mSHOW FIELDS FROM `roles`[0m
Completed in 565ms (View: 244, DB: 10) | 200 OK [http://localhost/trabalhados/new]
  [4;35;1mSQL (0.6ms)[0m   [0mSET NAMES 'utf8'[0m
  [4;36;1mSQL (0.8ms)[0m   [0;1mSET SQL_AUTO_IS_NULL=0[0m


Processing TrabalhadosController#new (for 127.0.0.1 at 2010-09-24 09:58:14) [GET]
  [4;35;1mUser Columns (1.3ms)[0m   [0mSHOW FIELDS FROM `users`[0m
  [4;36;1mUser Load (0.1ms)[0m   [0;1mSELECT * FROM `users` WHERE (`users`.`id` = 1) LIMIT 1[0m
  [4;35;1mProfessor Load (2.2ms)[0m   [0mSELECT * FROM `professors` ORDER BY matricula[0m
  [4;36;1mCACHE (0.0ms)[0m   [0;1mSELECT * FROM `professors` ORDER BY matricula[0m
  [4;35;1mTrabalhado Columns (1.6ms)[0m   [0mSHOW FIELDS FROM `trabalhados`[0m
Rendering template within layouts/application
Rendering trabalhados/new
  [4;36;1mProfessor Columns (1.8ms)[0m   [0;1mSHOW FIELDS FROM `professors`[0m
  [4;35;1mAnnouncement Load (0.4ms)[0m   [0mSELECT * FROM `announcements` WHERE (starts_at <= now() AND ends_at >= now()) [0m
  [4;36;1mroles_users Columns (0.8ms)[0m   [0;1mSHOW FIELDS FROM `roles_users`[0m
  [4;35;1mRole Load (0.1ms)[0m   [0mSELECT * FROM `roles` INNER JOIN `roles_users` ON `roles`.id = `roles_users`.role_id WHERE (`roles_users`.user_id = 1 ) [0m
  [4;36;1mRole Columns (0.6ms)[0m   [0;1mSHOW FIELDS FROM `roles`[0m
Completed in 528ms (View: 316, DB: 10) | 200 OK [http://localhost/trabalhados/new]
  [4;35;1mSQL (0.1ms)[0m   [0mSET NAMES 'utf8'[0m
  [4;36;1mSQL (0.1ms)[0m   [0;1mSET SQL_AUTO_IS_NULL=0[0m


Processing TrabalhadosController#new (for 127.0.0.1 at 2010-09-24 09:58:26) [GET]
  [4;35;1mUser Columns (1.4ms)[0m   [0mSHOW FIELDS FROM `users`[0m
  [4;36;1mUser Load (0.1ms)[0m   [0;1mSELECT * FROM `users` WHERE (`users`.`id` = 1) LIMIT 1[0m
  [4;35;1mProfessor Load (2.7ms)[0m   [0mSELECT * FROM `professors` ORDER BY matricula[0m
  [4;36;1mCACHE (0.0ms)[0m   [0;1mSELECT * FROM `professors` ORDER BY matricula[0m
  [4;35;1mTrabalhado Columns (1.7ms)[0m   [0mSHOW FIELDS FROM `trabalhados`[0m
Rendering template within layouts/application
Rendering trabalhados/new
  [4;36;1mProfessor Columns (1.9ms)[0m   [0;1mSHOW FIELDS FROM `professors`[0m
  [4;35;1mAnnouncement Load (0.4ms)[0m   [0mSELECT * FROM `announcements` WHERE (starts_at <= now() AND ends_at >= now()) [0m
  [4;36;1mroles_users Columns (0.8ms)[0m   [0;1mSHOW FIELDS FROM `roles_users`[0m
  [4;35;1mRole Load (0.1ms)[0m   [0mSELECT * FROM `roles` INNER JOIN `roles_users` ON `roles`.id = `roles_users`.role_id WHERE (`roles_users`.user_id = 1 ) [0m
  [4;36;1mRole Columns (0.7ms)[0m   [0;1mSHOW FIELDS FROM `roles`[0m
Completed in 551ms (View: 209, DB: 10) | 200 OK [http://localhost/trabalhados/new]
  [4;35;1mSQL (0.1ms)[0m   [0mSET NAMES 'utf8'[0m
  [4;36;1mSQL (0.1ms)[0m   [0;1mSET SQL_AUTO_IS_NULL=0[0m


Processing TrabalhadosController#sel_prof (for 127.0.0.1 at 2010-09-24 09:58:33) [POST]
  Parameters: {"authenticity_token"=>"igWE9f0xroIHAtfx3PhmuKgcJqYu5bIdM5EjPdEypo4=", "trabalhado_professor_id"=>"1033"}
  [4;35;1mUser Columns (1.3ms)[0m   [0mSHOW FIELDS FROM `users`[0m
  [4;36;1mUser Load (0.1ms)[0m   [0;1mSELECT * FROM `users` WHERE (`users`.`id` = 1) LIMIT 1[0m
  [4;35;1mProfessor Load (2.2ms)[0m   [0mSELECT * FROM `professors` ORDER BY matricula[0m
  [4;36;1mCACHE (0.0ms)[0m   [0;1mSELECT * FROM `professors` ORDER BY matricula[0m
  [4;35;1mProfessor Columns (2.6ms)[0m   [0mSHOW FIELDS FROM `professors`[0m
  [4;36;1mProfessor Load (0.2ms)[0m   [0;1mSELECT * FROM `professors` WHERE (`professors`.`id` = 1033) [0m
  [4;35;1mAcumTrab Load (0.3ms)[0m   [0mSELECT * FROM `acum_trabs` WHERE (professor_id = 1033) [0m
  [4;36;1mAcumTrab Columns (2.4ms)[0m   [0;1mSHOW FIELDS FROM `acum_trabs`[0m
  [4;35;1mTrabalhado Load (0.3ms)[0m   [0mSELECT * FROM `trabalhados` WHERE (ano = 2009 and professor_id= 1033 and flag = 0) [0m
  [4;36;1mTrabalhado Load (0.1ms)[0m   [0;1mSELECT * FROM `trabalhados` WHERE (ano = 2010 and professor_id= 1033 and flag = 0) [0m
  [4;35;1mAcumTrab Load (0.1ms)[0m   [0mSELECT * FROM `acum_trabs` WHERE (professor_id= 1033) [0m
  [4;36;1mProfessor Load (0.1ms)[0m   [0;1mSELECT * FROM `professors` WHERE (id=1033) [0m
  [4;35;1mTrabalhado Load (0.1ms)[0m   [0mSELECT * FROM `trabalhados` WHERE (professor_id=1033) [0m
  [4;36;1mProfessor Load (0.2ms)[0m   [0;1mSELECT * FROM `professors` WHERE (`professors`.`id` = 1033) LIMIT 1[0m
  [4;35;1mTituloProfessor Load (0.2ms)[0m   [0mSELECT * FROM titulo_professors tp inner join titulacaos t on tp.titulo_id=t.id where tp.professor_id=1033 and t.tipo = 'PERMANENTE'[0m
  [4;36;1mTituloProfessor Load (0.1ms)[0m   [0;1mSELECT * FROM titulo_professors tp inner join titulacaos t on tp.titulo_id=t.id where tp.professor_id=1033 and t.tipo = 'ANUAL'[0m
  [4;35;1mTituloProfessor Load (0.1ms)[0m   [0mSELECT * FROM titulo_professors tp inner join titulacaos t on tp.titulo_id=t.id where tp.professor_id=1033 and t.tipo = '5 ANOS'[0m
  [4;36;1mCACHE (0.0ms)[0m   [0;1mSELECT * FROM `professors` WHERE (`professors`.`id` = 1033) LIMIT 1[0m
  [4;35;1mTrabalhado Load (0.2ms)[0m   [0mSELECT * FROM trabalhados where professor_id = 1033 and ano_letivo = 2010[0m
  [4;36;1mTrabalhado Load (0.1ms)[0m   [0;1mSELECT * FROM `trabalhados` WHERE (professor_id=1033 and (flag = 1 ) and ano_letivo = 2010) [0m
  [4;35;1mCACHE (0.0ms)[0m   [0mSELECT * FROM `acum_trabs` WHERE (professor_id = 1033) [0m
  [4;36;1mProfessor Load (0.1ms)[0m   [0;1mSELECT * FROM `professors` WHERE (id = 1033) [0m
Rendered trabalhados/_visualizar (15.3ms)
  [4;35;1mroles_users Columns (0.9ms)[0m   [0mSHOW FIELDS FROM `roles_users`[0m
  [4;36;1mRole Load (0.1ms)[0m   [0;1mSELECT * FROM `roles` INNER JOIN `roles_users` ON `roles`.id = `roles_users`.role_id WHERE (`roles_users`.user_id = 1 ) [0m
  [4;35;1mRole Columns (0.8ms)[0m   [0mSHOW FIELDS FROM `roles`[0m
Rendered trabalhados/_relatorio_tps (43.2ms)
Completed in 4335ms (View: 85, DB: 13) | 200 OK [http://localhost/trabalhados/sel_prof]
  [4;36;1mSQL (0.1ms)[0m   [0;1mSET NAMES 'utf8'[0m
  [4;35;1mSQL (0.1ms)[0m   [0mSET SQL_AUTO_IS_NULL=0[0m


Processing TrabalhadosController#new (for 127.0.0.1 at 2010-09-24 09:59:29) [GET]
  [4;36;1mUser Columns (1.4ms)[0m   [0;1mSHOW FIELDS FROM `users`[0m
  [4;35;1mUser Load (0.2ms)[0m   [0mSELECT * FROM `users` WHERE (`users`.`id` = 1) LIMIT 1[0m
  [4;36;1mProfessor Load (2.2ms)[0m   [0;1mSELECT * FROM `professors` ORDER BY matricula[0m
  [4;35;1mCACHE (0.0ms)[0m   [0mSELECT * FROM `professors` ORDER BY matricula[0m
  [4;36;1mTrabalhado Columns (1.7ms)[0m   [0;1mSHOW FIELDS FROM `trabalhados`[0m
Rendering template within layouts/application
Rendering trabalhados/new
  [4;35;1mProfessor Columns (2.0ms)[0m   [0mSHOW FIELDS FROM `professors`[0m
  [4;36;1mAnnouncement Load (0.4ms)[0m   [0;1mSELECT * FROM `announcements` WHERE (starts_at <= now() AND ends_at >= now()) [0m
  [4;35;1mroles_users Columns (0.8ms)[0m   [0mSHOW FIELDS FROM `roles_users`[0m
  [4;36;1mRole Load (0.1ms)[0m   [0;1mSELECT * FROM `roles` INNER JOIN `roles_users` ON `roles`.id = `roles_users`.role_id WHERE (`roles_users`.user_id = 1 ) [0m
  [4;35;1mRole Columns (0.6ms)[0m   [0mSHOW FIELDS FROM `roles`[0m
Completed in 576ms (View: 347, DB: 10) | 200 OK [http://localhost/trabalhados/new]
  [4;36;1mSQL (0.1ms)[0m   [0;1mSET NAMES 'utf8'[0m
  [4;35;1mSQL (0.1ms)[0m   [0mSET SQL_AUTO_IS_NULL=0[0m


Processing TrabalhadosController#sel_prof (for 127.0.0.1 at 2010-09-24 09:59:35) [POST]
  Parameters: {"authenticity_token"=>"igWE9f0xroIHAtfx3PhmuKgcJqYu5bIdM5EjPdEypo4=", "trabalhado_professor_id"=>"108"}
  [4;36;1mUser Columns (1.3ms)[0m   [0;1mSHOW FIELDS FROM `users`[0m
  [4;35;1mUser Load (0.1ms)[0m   [0mSELECT * FROM `users` WHERE (`users`.`id` = 1) LIMIT 1[0m
  [4;36;1mProfessor Load (2.2ms)[0m   [0;1mSELECT * FROM `professors` ORDER BY matricula[0m
  [4;35;1mCACHE (0.0ms)[0m   [0mSELECT * FROM `professors` ORDER BY matricula[0m
  [4;36;1mProfessor Columns (1.8ms)[0m   [0;1mSHOW FIELDS FROM `professors`[0m
  [4;35;1mProfessor Load (0.3ms)[0m   [0mSELECT * FROM `professors` WHERE (`professors`.`id` = 108) [0m
  [4;36;1mAcumTrab Load (2.4ms)[0m   [0;1mSELECT * FROM `acum_trabs` WHERE (professor_id = 108) [0m
  [4;35;1mAcumTrab Columns (1.6ms)[0m   [0mSHOW FIELDS FROM `acum_trabs`[0m
  [4;36;1mTrabalhado Load (6.3ms)[0m   [0;1mSELECT * FROM `trabalhados` WHERE (ano = 2009 and professor_id= 108 and flag = 0) [0m
  [4;35;1mTrabalhado Load (5.9ms)[0m   [0mSELECT * FROM `trabalhados` WHERE (ano = 2010 and professor_id= 108 and flag = 0) [0m
  [4;36;1mAcumTrab Load (2.2ms)[0m   [0;1mSELECT * FROM `acum_trabs` WHERE (professor_id= 108) [0m
  [4;35;1mProfessor Load (0.3ms)[0m   [0mSELECT * FROM `professors` WHERE (id=108) [0m
  [4;36;1mTrabalhado Load (5.9ms)[0m   [0;1mSELECT * FROM `trabalhados` WHERE (professor_id=108) [0m
  [4;35;1mProfessor Load (0.3ms)[0m   [0mSELECT * FROM `professors` WHERE (`professors`.`id` = 108) LIMIT 1[0m
  [4;36;1mTituloProfessor Load (6.5ms)[0m   [0;1mSELECT * FROM titulo_professors tp inner join titulacaos t on tp.titulo_id=t.id where tp.professor_id=108 and t.tipo = 'PERMANENTE'[0m
  [4;35;1mTituloProfessor Load (6.3ms)[0m   [0mSELECT * FROM titulo_professors tp inner join titulacaos t on tp.titulo_id=t.id where tp.professor_id=108 and t.tipo = 'ANUAL'[0m
  [4;36;1mTituloProfessor Load (6.3ms)[0m   [0;1mSELECT * FROM titulo_professors tp inner join titulacaos t on tp.titulo_id=t.id where tp.professor_id=108 and t.tipo = '5 ANOS'[0m
  [4;35;1mCACHE (0.0ms)[0m   [0mSELECT * FROM `professors` WHERE (`professors`.`id` = 108) LIMIT 1[0m
  [4;36;1mTrabalhado Load (6.1ms)[0m   [0;1mSELECT * FROM trabalhados where professor_id = 108 and ano_letivo = 2010[0m
  [4;35;1mTrabalhado Load (6.0ms)[0m   [0mSELECT * FROM `trabalhados` WHERE (professor_id=108 and (flag = 1 ) and ano_letivo = 2010) [0m
  [4;36;1mCACHE (0.0ms)[0m   [0;1mSELECT * FROM `acum_trabs` WHERE (professor_id = 108) [0m
  [4;35;1mProfessor Load (0.3ms)[0m   [0mSELECT * FROM `professors` WHERE (id = 108) [0m
Rendered trabalhados/_visualizar (3.8ms)
  [4;36;1mTrabalhado Columns (1.5ms)[0m   [0;1mSHOW FIELDS FROM `trabalhados`[0m
  [4;35;1mroles_users Columns (0.8ms)[0m   [0mSHOW FIELDS FROM `roles_users`[0m
  [4;36;1mRole Load (0.1ms)[0m   [0;1mSELECT * FROM `roles` INNER JOIN `roles_users` ON `roles`.id = `roles_users`.role_id WHERE (`roles_users`.user_id = 1 ) [0m
  [4;35;1mRole Columns (0.6ms)[0m   [0mSHOW FIELDS FROM `roles`[0m
Rendered trabalhados/_relatorio_tps (27.8ms)
Rendered trabalhados/_voltar (2.5ms)
Completed in 388ms (View: 46, DB: 65) | 200 OK [http://localhost/trabalhados/sel_prof]
  [4;36;1mSQL (0.1ms)[0m   [0;1mSET NAMES 'utf8'[0m
  [4;35;1mSQL (0.1ms)[0m   [0mSET SQL_AUTO_IS_NULL=0[0m


Processing TrabalhadosController#new (for 127.0.0.1 at 2010-09-24 10:00:27) [GET]
  [4;36;1mUser Columns (1.3ms)[0m   [0;1mSHOW FIELDS FROM `users`[0m
  [4;35;1mUser Load (0.1ms)[0m   [0mSELECT * FROM `users` WHERE (`users`.`id` = 1) LIMIT 1[0m
  [4;36;1mProfessor Load (2.2ms)[0m   [0;1mSELECT * FROM `professors` ORDER BY matricula[0m
  [4;35;1mCACHE (0.0ms)[0m   [0mSELECT * FROM `professors` ORDER BY matricula[0m
  [4;36;1mTrabalhado Columns (1.7ms)[0m   [0;1mSHOW FIELDS FROM `trabalhados`[0m
Rendering template within layouts/application
Rendering trabalhados/new
  [4;35;1mProfessor Columns (1.8ms)[0m   [0mSHOW FIELDS FROM `professors`[0m
  [4;36;1mAnnouncement Load (0.4ms)[0m   [0;1mSELECT * FROM `announcements` WHERE (starts_at <= now() AND ends_at >= now()) [0m
  [4;35;1mAnnouncement Columns (0.8ms)[0m   [0mSHOW FIELDS FROM `announcements`[0m
  [4;36;1mroles_users Columns (0.8ms)[0m   [0;1mSHOW FIELDS FROM `roles_users`[0m
  [4;35;1mRole Load (0.1ms)[0m   [0mSELECT * FROM `roles` INNER JOIN `roles_users` ON `roles`.id = `roles_users`.role_id WHERE (`roles_users`.user_id = 1 ) [0m
  [4;36;1mRole Columns (0.6ms)[0m   [0;1mSHOW FIELDS FROM `roles`[0m
Completed in 444ms (View: 218, DB: 10) | 200 OK [http://localhost/trabalhados/new]
  [4;35;1mSQL (0.1ms)[0m   [0mSET NAMES 'utf8'[0m
  [4;36;1mSQL (0.1ms)[0m   [0;1mSET SQL_AUTO_IS_NULL=0[0m


Processing TrabalhadosController#sel_prof (for 127.0.0.1 at 2010-09-24 10:00:39) [POST]
  Parameters: {"authenticity_token"=>"igWE9f0xroIHAtfx3PhmuKgcJqYu5bIdM5EjPdEypo4=", "trabalhado_professor_id"=>"729"}
  [4;35;1mUser Columns (1.3ms)[0m   [0mSHOW FIELDS FROM `users`[0m
  [4;36;1mUser Load (0.1ms)[0m   [0;1mSELECT * FROM `users` WHERE (`users`.`id` = 1) LIMIT 1[0m
  [4;35;1mProfessor Load (2.2ms)[0m   [0mSELECT * FROM `professors` ORDER BY matricula[0m
  [4;36;1mCACHE (0.0ms)[0m   [0;1mSELECT * FROM `professors` ORDER BY matricula[0m
  [4;35;1mProfessor Columns (2.1ms)[0m   [0mSHOW FIELDS FROM `professors`[0m
  [4;36;1mProfessor Load (0.4ms)[0m   [0;1mSELECT * FROM `professors` WHERE (`professors`.`id` = 729) [0m
  [4;35;1mAcumTrab Load (2.4ms)[0m   [0mSELECT * FROM `acum_trabs` WHERE (professor_id = 729) [0m
  [4;36;1mAcumTrab Columns (1.7ms)[0m   [0;1mSHOW FIELDS FROM `acum_trabs`[0m
  [4;35;1mTrabalhado Load (6.2ms)[0m   [0mSELECT * FROM `trabalhados` WHERE (ano = 2009 and professor_id= 729 and flag = 0) [0m
  [4;36;1mTrabalhado Load (5.9ms)[0m   [0;1mSELECT * FROM `trabalhados` WHERE (ano = 2010 and professor_id= 729 and flag = 0) [0m
  [4;35;1mAcumTrab Load (2.3ms)[0m   [0mSELECT * FROM `acum_trabs` WHERE (professor_id= 729) [0m
  [4;36;1mProfessor Load (0.3ms)[0m   [0;1mSELECT * FROM `professors` WHERE (id=729) [0m
  [4;35;1mTrabalhado Load (5.9ms)[0m   [0mSELECT * FROM `trabalhados` WHERE (professor_id=729) [0m
  [4;36;1mProfessor Load (0.3ms)[0m   [0;1mSELECT * FROM `professors` WHERE (`professors`.`id` = 729) LIMIT 1[0m
  [4;35;1mTituloProfessor Load (7.1ms)[0m   [0mSELECT * FROM titulo_professors tp inner join titulacaos t on tp.titulo_id=t.id where tp.professor_id=729 and t.tipo = 'PERMANENTE'[0m
  [4;36;1mTituloProfessor Load (6.4ms)[0m   [0;1mSELECT * FROM titulo_professors tp inner join titulacaos t on tp.titulo_id=t.id where tp.professor_id=729 and t.tipo = 'ANUAL'[0m
  [4;35;1mTituloProfessor Load (6.3ms)[0m   [0mSELECT * FROM titulo_professors tp inner join titulacaos t on tp.titulo_id=t.id where tp.professor_id=729 and t.tipo = '5 ANOS'[0m
  [4;36;1mCACHE (0.0ms)[0m   [0;1mSELECT * FROM `professors` WHERE (`professors`.`id` = 729) LIMIT 1[0m
  [4;35;1mTrabalhado Load (6.2ms)[0m   [0mSELECT * FROM trabalhados where professor_id = 729 and ano_letivo = 2010[0m
  [4;36;1mTrabalhado Load (6.1ms)[0m   [0;1mSELECT * FROM `trabalhados` WHERE (professor_id=729 and (flag = 1 ) and ano_letivo = 2010) [0m
  [4;35;1mCACHE (0.0ms)[0m   [0mSELECT * FROM `acum_trabs` WHERE (professor_id = 729) [0m
  [4;36;1mProfessor Load (0.3ms)[0m   [0;1mSELECT * FROM `professors` WHERE (id = 729) [0m
Rendered trabalhados/_visualizar (4.1ms)
  [4;35;1mTrabalhado Columns (1.5ms)[0m   [0mSHOW FIELDS FROM `trabalhados`[0m
  [4;36;1mroles_users Columns (0.7ms)[0m   [0;1mSHOW FIELDS FROM `roles_users`[0m
  [4;35;1mRole Load (0.1ms)[0m   [0mSELECT * FROM `roles` INNER JOIN `roles_users` ON `roles`.id = `roles_users`.role_id WHERE (`roles_users`.user_id = 1 ) [0m
  [4;36;1mRole Columns (0.6ms)[0m   [0;1mSHOW FIELDS FROM `roles`[0m
Rendered trabalhados/_relatorio_tps (27.7ms)
Rendered trabalhados/_voltar (0.6ms)
Completed in 470ms (View: 39, DB: 67) | 200 OK [http://localhost/trabalhados/sel_prof]
  [4;35;1mSQL (0.1ms)[0m   [0mSET NAMES 'utf8'[0m
  [4;36;1mSQL (0.1ms)[0m   [0;1mSET SQL_AUTO_IS_NULL=0[0m


Processing TrabalhadosController#new (for 127.0.0.1 at 2010-09-24 10:00:46) [GET]
  [4;35;1mUser Columns (1.4ms)[0m   [0mSHOW FIELDS FROM `users`[0m
  [4;36;1mUser Load (0.1ms)[0m   [0;1mSELECT * FROM `users` WHERE (`users`.`id` = 1) LIMIT 1[0m
  [4;35;1mProfessor Load (2.2ms)[0m   [0mSELECT * FROM `professors` ORDER BY matricula[0m
  [4;36;1mCACHE (0.0ms)[0m   [0;1mSELECT * FROM `professors` ORDER BY matricula[0m
  [4;35;1mTrabalhado Columns (1.7ms)[0m   [0mSHOW FIELDS FROM `trabalhados`[0m
Rendering template within layouts/application
Rendering trabalhados/new
  [4;36;1mProfessor Columns (1.9ms)[0m   [0;1mSHOW FIELDS FROM `professors`[0m
  [4;35;1mAnnouncement Load (0.4ms)[0m   [0mSELECT * FROM `announcements` WHERE (starts_at <= now() AND ends_at >= now()) [0m
  [4;36;1mAnnouncement Columns (0.9ms)[0m   [0;1mSHOW FIELDS FROM `announcements`[0m
  [4;35;1mroles_users Columns (0.8ms)[0m   [0mSHOW FIELDS FROM `roles_users`[0m
  [4;36;1mRole Load (0.1ms)[0m   [0;1mSELECT * FROM `roles` INNER JOIN `roles_users` ON `roles`.id = `roles_users`.role_id WHERE (`roles_users`.user_id = 1 ) [0m
  [4;35;1mRole Columns (0.6ms)[0m   [0mSHOW FIELDS FROM `roles`[0m
Completed in 447ms (View: 218, DB: 10) | 200 OK [http://localhost/trabalhados/new]
  [4;36;1mSQL (0.1ms)[0m   [0;1mSET NAMES 'utf8'[0m
  [4;35;1mSQL (0.1ms)[0m   [0mSET SQL_AUTO_IS_NULL=0[0m


Processing TrabalhadosController#new (for 127.0.0.1 at 2010-09-24 10:01:21) [GET]
  [4;36;1mUser Columns (1.3ms)[0m   [0;1mSHOW FIELDS FROM `users`[0m
  [4;35;1mUser Load (0.1ms)[0m   [0mSELECT * FROM `users` WHERE (`users`.`id` = 1) LIMIT 1[0m
  [4;36;1mProfessor Load (2.3ms)[0m   [0;1mSELECT * FROM `professors` ORDER BY matricula[0m
  [4;35;1mCACHE (0.0ms)[0m   [0mSELECT * FROM `professors` ORDER BY matricula[0m
  [4;36;1mTrabalhado Columns (1.5ms)[0m   [0;1mSHOW FIELDS FROM `trabalhados`[0m
Rendering template within layouts/application
Rendering trabalhados/new
  [4;35;1mProfessor Columns (1.8ms)[0m   [0mSHOW FIELDS FROM `professors`[0m
  [4;36;1mAnnouncement Load (0.4ms)[0m   [0;1mSELECT * FROM `announcements` WHERE (starts_at <= now() AND ends_at >= now()) [0m
  [4;35;1mAnnouncement Columns (0.8ms)[0m   [0mSHOW FIELDS FROM `announcements`[0m
  [4;36;1mroles_users Columns (0.8ms)[0m   [0;1mSHOW FIELDS FROM `roles_users`[0m
  [4;35;1mRole Load (0.1ms)[0m   [0mSELECT * FROM `roles` INNER JOIN `roles_users` ON `roles`.id = `roles_users`.role_id WHERE (`roles_users`.user_id = 1 ) [0m
  [4;36;1mRole Columns (0.6ms)[0m   [0;1mSHOW FIELDS FROM `roles`[0m
Completed in 555ms (View: 225, DB: 10) | 200 OK [http://localhost/trabalhados/new]
  [4;35;1mSQL (0.2ms)[0m   [0mSET NAMES 'utf8'[0m
  [4;36;1mSQL (0.1ms)[0m   [0;1mSET SQL_AUTO_IS_NULL=0[0m


Processing TrabalhadosController#sel_prof (for 127.0.0.1 at 2010-09-24 10:01:34) [POST]
  Parameters: {"authenticity_token"=>"igWE9f0xroIHAtfx3PhmuKgcJqYu5bIdM5EjPdEypo4=", "trabalhado_professor_id"=>"729"}
  [4;35;1mUser Columns (1.4ms)[0m   [0mSHOW FIELDS FROM `users`[0m
  [4;36;1mUser Load (0.1ms)[0m   [0;1mSELECT * FROM `users` WHERE (`users`.`id` = 1) LIMIT 1[0m
  [4;35;1mProfessor Load (2.2ms)[0m   [0mSELECT * FROM `professors` ORDER BY matricula[0m
  [4;36;1mCACHE (0.0ms)[0m   [0;1mSELECT * FROM `professors` ORDER BY matricula[0m
  [4;35;1mProfessor Columns (1.9ms)[0m   [0mSHOW FIELDS FROM `professors`[0m
  [4;36;1mProfessor Load (0.1ms)[0m   [0;1mSELECT * FROM `professors` WHERE (`professors`.`id` = 729) [0m
  [4;35;1mAcumTrab Load (0.1ms)[0m   [0mSELECT * FROM `acum_trabs` WHERE (professor_id = 729) [0m
  [4;36;1mAcumTrab Columns (1.7ms)[0m   [0;1mSHOW FIELDS FROM `acum_trabs`[0m
  [4;35;1mTrabalhado Load (0.1ms)[0m   [0mSELECT * FROM `trabalhados` WHERE (ano = 2009 and professor_id= 729 and flag = 0) [0m
  [4;36;1mTrabalhado Load (0.1ms)[0m   [0;1mSELECT * FROM `trabalhados` WHERE (ano = 2010 and professor_id= 729 and flag = 0) [0m
  [4;35;1mAcumTrab Load (0.1ms)[0m   [0mSELECT * FROM `acum_trabs` WHERE (professor_id= 729) [0m
  [4;36;1mProfessor Load (0.1ms)[0m   [0;1mSELECT * FROM `professors` WHERE (id=729) [0m
  [4;35;1mTrabalhado Load (0.1ms)[0m   [0mSELECT * FROM `trabalhados` WHERE (professor_id=729) [0m
  [4;36;1mProfessor Load (0.1ms)[0m   [0;1mSELECT * FROM `professors` WHERE (`professors`.`id` = 729) LIMIT 1[0m
  [4;35;1mTituloProfessor Load (0.1ms)[0m   [0mSELECT * FROM titulo_professors tp inner join titulacaos t on tp.titulo_id=t.id where tp.professor_id=729 and t.tipo = 'PERMANENTE'[0m
  [4;36;1mTituloProfessor Load (0.1ms)[0m   [0;1mSELECT * FROM titulo_professors tp inner join titulacaos t on tp.titulo_id=t.id where tp.professor_id=729 and t.tipo = 'ANUAL'[0m
  [4;35;1mTituloProfessor Load (0.1ms)[0m   [0mSELECT * FROM titulo_professors tp inner join titulacaos t on tp.titulo_id=t.id where tp.professor_id=729 and t.tipo = '5 ANOS'[0m
  [4;36;1mCACHE (0.0ms)[0m   [0;1mSELECT * FROM `professors` WHERE (`professors`.`id` = 729) LIMIT 1[0m
  [4;35;1mTrabalhado Load (0.1ms)[0m   [0mSELECT * FROM trabalhados where professor_id = 729 and ano_letivo = 2010[0m
  [4;36;1mTrabalhado Load (0.1ms)[0m   [0;1mSELECT * FROM `trabalhados` WHERE (professor_id=729 and (flag = 1 ) and ano_letivo = 2010) [0m
  [4;35;1mCACHE (0.0ms)[0m   [0mSELECT * FROM `acum_trabs` WHERE (professor_id = 729) [0m
  [4;36;1mProfessor Load (0.1ms)[0m   [0;1mSELECT * FROM `professors` WHERE (id = 729) [0m
Rendered trabalhados/_visualizar (3.8ms)
  [4;35;1mTrabalhado Columns (1.5ms)[0m   [0mSHOW FIELDS FROM `trabalhados`[0m
  [4;36;1mroles_users Columns (0.8ms)[0m   [0;1mSHOW FIELDS FROM `roles_users`[0m
  [4;35;1mRole Load (0.1ms)[0m   [0mSELECT * FROM `roles` INNER JOIN `roles_users` ON `roles`.id = `roles_users`.role_id WHERE (`roles_users`.user_id = 1 ) [0m
  [4;36;1mRole Columns (0.7ms)[0m   [0;1mSHOW FIELDS FROM `roles`[0m
Rendered trabalhados/_relatorio_tps (136.2ms)
Rendered trabalhados/_voltar (0.6ms)
Completed in 422ms (View: 147, DB: 12) | 200 OK [http://localhost/trabalhados/sel_prof]
